<?xml version="1.0" encoding="UTF-8"?>
<!-- Generated by org.testng.reporters.JUnitReportReporter -->
<testsuite hostname="ZCHD-CQR-UTKARSH-SHWETAM" failures="0" tests="1" name="TestCases.LoginTest" time="2.911" errors="0" timestamp="2022-05-31T18:15:20 IST" skipped="0">
  <testcase classname="TestCases.LoginTest" name="loginUser" time="2.911"/>
  <system-out/>
</testsuite> <!-- TestCases.LoginTest -->
