<?xml version="1.0" encoding="UTF-8"?>
<!-- Generated by org.testng.reporters.JUnitReportReporter -->
<testsuite hostname="ZCHD-CQR-SHIVAM-PANDOH" failures="0" tests="2" name="WebAutomation.automation.Projects" time="10.834" errors="0" timestamp="2022-06-01T15:42:59 IST" skipped="0">
  <testcase classname="WebAutomation.automation.Projects" name="test1createProject" time="2.832"/>
  <system-out/>
  <testcase classname="WebAutomation.automation.Projects" name="test2allocateProjectToCompany" time="8.002"/>
  <system-out/>
</testsuite> <!-- WebAutomation.automation.Projects -->
