<?xml version="1.0" encoding="UTF-8"?>
<!-- Generated by org.testng.reporters.JUnitReportReporter -->
<testsuite hostname="ZCHD-CQR-PRATEEK-WADHWANI" failures="0" tests="3" name="TestCases.EnquiryTest" time="44.219" errors="0" timestamp="2022-06-02T13:54:25 IST" skipped="0">
  <testcase classname="TestCases.EnquiryTest" name="testEnquiryPageIsOpened" time="11.215"/>
  <system-out/>
  <testcase classname="TestCases.EnquiryTest" name="testEnquiryDetailsPageIsOpened" time="17.011"/>
  <system-out/>
  <testcase classname="TestCases.EnquiryTest" name="testCorrectEnquiryIsOpened" time="15.993"/>
  <system-out/>
</testsuite> <!-- TestCases.EnquiryTest -->
