<?xml version="1.0" encoding="UTF-8"?>
<!-- Generated by org.testng.reporters.JUnitReportReporter -->
<testsuite hostname="ZCHD-CQR-SHIVAM-PANDOH" failures="0" tests="1" name="WebAutomation.automation.Tasks" time="17.243" errors="0" timestamp="2022-05-31T18:08:42 IST" skipped="0">
  <testcase classname="WebAutomation.automation.Tasks" name="createTask" time="17.243"/>
  <system-out/>
</testsuite> <!-- WebAutomation.automation.Tasks -->
