<?xml version="1.0" encoding="UTF-8"?>
<!-- Generated by org.testng.reporters.JUnitReportReporter -->
<testsuite hostname="ZCHD-CQR-UTKARSH-SHWETAM" failures="0" tests="6" name="TestCases.EnquiryTest" time="67.172" errors="0" timestamp="2022-06-01T16:06:25 IST" skipped="0">
  <testcase classname="TestCases.EnquiryTest" name="testEnquiryPageIsOpened" time="10.738"/>
  <system-out/>
  <testcase classname="TestCases.EnquiryTest" name="testEnquiryDetailsPageIsOpened" time="16.259"/>
  <system-out/>
  <testcase classname="TestCases.EnquiryTest" name="testCorrectEnquiryIsOpened" time="15.696"/>
  <system-out/>
  <testcase classname="TestCases.EnquiryTest" name="testNoOfComponentsManufacturedIntegerInput" time="7.174"/>
  <system-out/>
  <testcase classname="TestCases.EnquiryTest" name="testNoOfComponentsManufacturedStringInput" time="7.125"/>
  <system-out/>
  <testcase classname="TestCases.EnquiryTest" name="testTotalPriceForComponents" time="10.180"/>
  <system-out/>
</testsuite> <!-- TestCases.EnquiryTest -->
