<?xml version="1.0" encoding="UTF-8"?>
<!-- Generated by org.testng.reporters.JUnitReportReporter -->
<testsuite hostname="ZCHD-CQR-UTKARSH-SHWETAM" failures="0" tests="10" name="TestCases.EnquiryTest" time="91.737" errors="0" timestamp="2022-06-02T16:10:47 IST" skipped="0">
  <testcase classname="TestCases.EnquiryTest" name="testEnquiryPageIsOpened" time="11.514"/>
  <system-out/>
  <testcase classname="TestCases.EnquiryTest" name="testEnquiryDetailsPageIsOpened" time="18.788"/>
  <system-out/>
  <testcase classname="TestCases.EnquiryTest" name="testCorrectEnquiryIsOpened" time="16.741"/>
  <system-out/>
  <testcase classname="TestCases.EnquiryTest" name="testNoOfComponentsManufacturedIntegerInput" time="7.531"/>
  <system-out/>
  <testcase classname="TestCases.EnquiryTest" name="testNoOfComponentsManufacturedStringInput" time="7.227"/>
  <system-out/>
  <testcase classname="TestCases.EnquiryTest" name="testTotalPriceForComponents" time="10.408"/>
  <system-out/>
  <testcase classname="TestCases.EnquiryTest" name="testSearchEnquiry" time="3.652"/>
  <system-out/>
  <testcase classname="TestCases.EnquiryTest" name="testShiftEnquiryPageIsOpened" time="5.759"/>
  <system-out/>
  <testcase classname="TestCases.EnquiryTest" name="testviewShiftEnquiryIsOpened" time="5.402"/>
  <system-out/>
  <testcase classname="TestCases.EnquiryTest" name="testverifySearchShiftAnalysis" time="4.715"/>
  <system-out/>
</testsuite> <!-- TestCases.EnquiryTest -->
