<?xml version="1.0" encoding="UTF-8"?>
<!-- Generated by org.testng.reporters.JUnitReportReporter -->
<testsuite hostname="ZCHD-CQR-SHIVAM-PANDOH" failures="0" tests="2" name="WebAutomation.automation.Tasks" time="10.628" errors="0" timestamp="2022-06-01T15:56:02 IST" skipped="0">
  <testcase classname="WebAutomation.automation.Tasks" name="test1createTask" time="5.992"/>
  <system-out/>
  <testcase classname="WebAutomation.automation.Tasks" name="test2allocateMember" time="4.636"/>
  <system-out/>
</testsuite> <!-- WebAutomation.automation.Tasks -->
