<?xml version="1.0" encoding="UTF-8"?>
<!-- Generated by org.testng.reporters.JUnitReportReporter -->
<testsuite hostname="ZCHD-CQR-SHIVAM-PANDOH" failures="0" tests="2" name="WebAutomation.automation.Projects" time="26.630" errors="0" timestamp="2022-05-31T18:08:42 IST" skipped="0">
  <testcase classname="WebAutomation.automation.Projects" name="test2_allocateProjectToCompany" time="14.626"/>
  <system-out/>
  <testcase classname="WebAutomation.automation.Projects" name="test1_createProject" time="12.004"/>
  <system-out/>
</testsuite> <!-- WebAutomation.automation.Projects -->
