<?xml version="1.0" encoding="UTF-8"?>
<!-- Generated by org.testng.reporters.JUnitReportReporter -->
<testsuite hostname="ZCHD-CQR-UTKARSH-SHWETAM" failures="0" tests="1" name="WebAutomation.automation.test.LoginTest" time="2.960" errors="0" timestamp="2022-06-02T17:14:47 IST" skipped="0">
  <testcase classname="WebAutomation.automation.test.LoginTest" name="testloginUser" time="2.960"/>
  <system-out/>
</testsuite> <!-- WebAutomation.automation.test.LoginTest -->
