<?xml version="1.0" encoding="UTF-8"?>
<!-- Generated by org.testng.reporters.JUnitReportReporter -->
<testsuite hostname="ZCHD-CQR-PRATEEK-WADHWANI" failures="0" tests="9" name="TestCases.CompanyTest" time="23.739" errors="0" timestamp="2022-06-03T19:57:28 IST" skipped="0">
  <testcase classname="TestCases.CompanyTest" name="testCCompanyPageIsOpened" time="2.657"/>
  <system-out/>
  <testcase classname="TestCases.CompanyTest" name="testCCompanyDetailsPageIsOpened" time="3.986"/>
  <system-out/>
  <testcase classname="TestCases.CompanyTest" name="testCCompanyAddCompanyIsOpened" time="2.579"/>
  <system-out/>
  <testcase classname="TestCases.CompanyTest" name="testVCompanyIsOpened" time="3.669"/>
  <system-out/>
  <testcase classname="TestCases.CompanyTest" name="testToolsAllocatedIsOpened" time="1.622"/>
  <system-out/>
  <testcase classname="TestCases.CompanyTest" name="testToolsAllocatedToCompanyIsOpened" time="2.411"/>
  <system-out/>
  <testcase classname="TestCases.CompanyTest" name="testAddVCompanyIsOpened" time="1.630"/>
  <system-out/>
  <testcase classname="TestCases.CompanyTest" name="testShiftIsOpened" time="3.631"/>
  <system-out/>
  <testcase classname="TestCases.CompanyTest" name="testAddShiftIsOpened" time="1.554"/>
  <system-out/>
</testsuite> <!-- TestCases.CompanyTest -->
