<?xml version="1.0" encoding="UTF-8"?>
<!-- Generated by org.testng.reporters.JUnitReportReporter -->
<testsuite hostname="ZCHD-CQR-UTKARSH-SHWETAM" failures="0" tests="9" name="TestCases.EnquiryTest" time="93.821" errors="0" timestamp="2022-06-02T15:49:23 IST" skipped="0">
  <testcase classname="TestCases.EnquiryTest" name="testEnquiryPageIsOpened" time="13.512"/>
  <system-out/>
  <testcase classname="TestCases.EnquiryTest" name="testEnquiryDetailsPageIsOpened" time="19.653"/>
  <system-out/>
  <testcase classname="TestCases.EnquiryTest" name="testCorrectEnquiryIsOpened" time="17.761"/>
  <system-out/>
  <testcase classname="TestCases.EnquiryTest" name="testNoOfComponentsManufacturedIntegerInput" time="7.544"/>
  <system-out/>
  <testcase classname="TestCases.EnquiryTest" name="testNoOfComponentsManufacturedStringInput" time="7.334"/>
  <system-out/>
  <testcase classname="TestCases.EnquiryTest" name="testTotalPriceForComponents" time="10.530"/>
  <system-out/>
  <testcase classname="TestCases.EnquiryTest" name="testShiftEnquiryPageIsOpened" time="6.994"/>
  <system-out/>
  <testcase classname="TestCases.EnquiryTest" name="testviewShiftEnquiryIsOpened" time="5.556"/>
  <system-out/>
  <testcase classname="TestCases.EnquiryTest" name="testverifySearchShiftAnalysis" time="4.937"/>
  <system-out/>
</testsuite> <!-- TestCases.EnquiryTest -->
