<?xml version="1.0" encoding="UTF-8"?>
<!-- Generated by org.testng.reporters.JUnitReportReporter -->
<testsuite hostname="ZCHD-CQR-SHIVAM-PANDOH" failures="0" tests="2" name="WebAutomation.automation.Projects" time="11.981" errors="0" timestamp="2022-06-01T16:55:47 IST" skipped="0">
  <testcase classname="WebAutomation.automation.Projects" name="test1createProject" time="5.566"/>
  <system-out/>
  <testcase classname="WebAutomation.automation.Projects" name="test2allocateProjectToCompany" time="6.415"/>
  <system-out/>
</testsuite> <!-- WebAutomation.automation.Projects -->
