<?xml version="1.0" encoding="UTF-8"?>
<!-- Generated by org.testng.reporters.JUnitReportReporter -->
<testsuite hostname="ZCHD-CQR-LOVISH-KAMRA" failures="0" tests="1" name="WebAutomation.automation.Login_Test" time="2.462" errors="0" timestamp="2022-06-01T16:47:23 IST" skipped="0">
  <testcase classname="WebAutomation.automation.Login_Test" name="loginTest" time="2.462"/>
  <system-out/>
</testsuite> <!-- WebAutomation.automation.Login_Test -->
